# JRE version: Java(TM) SE Runtime Environment (8.0_361) (build 1.8.0_361-b09)
# Java VM: Java HotSpot(TM) 64-Bit Server VM (25.361-b09 mixed mode windows-amd64 compressed oops)
Heap:
 PSYoungGen      total 43008K, used 5439K [0x000000076bd80000, 0x000000076f080000, 0x00000007c0000000)
  eden space 38912K, 4% used [0x000000076bd80000,0x000000076bf1bc58,0x000000076e380000)
  from space 4096K, 92% used [0x000000076e400000,0x000000076e7b4040,0x000000076e800000)
  to   space 6656K, 0% used [0x000000076ea00000,0x000000076ea00000,0x000000076f080000)
 ParOldGen       total 173568K, used 9220K [0x00000006c3800000, 0x00000006ce180000, 0x000000076bd80000)
  object space 173568K, 5% used [0x00000006c3800000,0x00000006c41012b8,0x00000006ce180000)
 Metaspace       used 10790K, capacity 11012K, committed 11264K, reserved 1058816K
  class space    used 1171K, capacity 1259K, committed 1280K, reserved 1048576K
GC Heap History (10 events):
Event: 35.502 GC heap before
{Heap before GC invocations=33 (full 0):
 PSYoungGen      total 47616K, used 45107K [0x000000076bd80000, 0x000000076f400000, 0x00000007c0000000)
  eden space 41472K, 99% used [0x000000076bd80000,0x000000076e5d8bf8,0x000000076e600000)
  from space 6144K, 61% used [0x000000076ee00000,0x000000076f1b4040,0x000000076f400000)
  to   space 7168K, 0% used [0x000000076e600000,0x000000076e600000,0x000000076ed00000)
 ParOldGen       total 173568K, used 9156K [0x00000006c3800000, 0x00000006ce180000, 0x000000076bd80000)
  object space 173568K, 5% used [0x00000006c3800000,0x00000006c40f12b8,0x00000006ce180000)
 Metaspace       used 10788K, capacity 11012K, committed 11264K, reserved 1058816K
  class space    used 1171K, capacity 1259K, committed 1280K, reserved 1048576K
Event: 35.503 GC heap after
Heap after GC invocations=33 (full 0):
 PSYoungGen      total 44032K, used 2828K [0x000000076bd80000, 0x000000076f380000, 0x00000007c0000000)
  eden space 40960K, 0% used [0x000000076bd80000,0x000000076bd80000,0x000000076e580000)
  from space 3072K, 92% used [0x000000076e600000,0x000000076e8c3030,0x000000076e900000)
  to   space 7168K, 0% used [0x000000076ec80000,0x000000076ec80000,0x000000076f380000)
 ParOldGen       total 173568K, used 9164K [0x00000006c3800000, 0x00000006ce180000, 0x000000076bd80000)
  object space 173568K, 5% used [0x00000006c3800000,0x00000006c40f32b8,0x00000006ce180000)
 Metaspace       used 10788K, capacity 11012K, committed 11264K, reserved 1058816K
  class space    used 1171K, capacity 1259K, committed 1280K, reserved 1048576K
}
Event: 36.220 GC heap before
{Heap before GC invocations=34 (full 0):
 PSYoungGen      total 44032K, used 43232K [0x000000076bd80000, 0x000000076f380000, 0x00000007c0000000)
  eden space 40960K, 98% used [0x000000076bd80000,0x000000076e4f52f0,0x000000076e580000)
  from space 3072K, 92% used [0x000000076e600000,0x000000076e8c3030,0x000000076e900000)
  to   space 7168K, 0% used [0x000000076ec80000,0x000000076ec80000,0x000000076f380000)
 ParOldGen       total 173568K, used 9164K [0x00000006c3800000, 0x00000006ce180000, 0x000000076bd80000)
  object space 173568K, 5% used [0x00000006c3800000,0x00000006c40f32b8,0x00000006ce180000)
 Metaspace       used 10788K, capacity 11012K, committed 11264K, reserved 1058816K
  class space    used 1171K, capacity 1259K, committed 1280K, reserved 1048576K
Event: 36.221 GC heap after
Heap after GC invocations=34 (full 0):
 PSYoungGen      total 47104K, used 2828K [0x000000076bd80000, 0x000000076f300000, 0x00000007c0000000)
  eden space 40448K, 0% used [0x000000076bd80000,0x000000076bd80000,0x000000076e500000)
  from space 6656K, 42% used [0x000000076ec80000,0x000000076ef43030,0x000000076f300000)
  to   space 7168K, 0% used [0x000000076e500000,0x000000076e500000,0x000000076ec00000)
 ParOldGen       total 173568K, used 9180K [0x00000006c3800000, 0x00000006ce180000, 0x000000076bd80000)
  object space 173568K, 5% used [0x00000006c3800000,0x00000006c40f72b8,0x00000006ce180000)
 Metaspace       used 10788K, capacity 11012K, committed 11264K, reserved 1058816K
  class space    used 1171K, capacity 1259K, committed 1280K, reserved 1048576K
}
Event: 36.958 GC heap before
{Heap before GC invocations=35 (full 0):
 PSYoungGen      total 47104K, used 43222K [0x000000076bd80000, 0x000000076f300000, 0x00000007c0000000)
  eden space 40448K, 99% used [0x000000076bd80000,0x000000076e4f2a10,0x000000076e500000)
  from space 6656K, 42% used [0x000000076ec80000,0x000000076ef43030,0x000000076f300000)
  to   space 7168K, 0% used [0x000000076e500000,0x000000076e500000,0x000000076ec00000)
 ParOldGen       total 173568K, used 9180K [0x00000006c3800000, 0x00000006ce180000, 0x000000076bd80000)
  object space 173568K, 5% used [0x00000006c3800000,0x00000006c40f72b8,0x00000006ce180000)
 Metaspace       used 10788K, capacity 11012K, committed 11264K, reserved 1058816K
  class space    used 1171K, capacity 1259K, committed 1280K, reserved 1048576K
Event: 36.959 GC heap after
Heap after GC invocations=35 (full 0):
 PSYoungGen      total 43008K, used 2828K [0x000000076bd80000, 0x000000076f180000, 0x00000007c0000000)
  eden space 39936K, 0% used [0x000000076bd80000,0x000000076bd80000,0x000000076e480000)
  from space 3072K, 92% used [0x000000076e500000,0x000000076e7c3030,0x000000076e800000)
  to   space 6656K, 0% used [0x000000076eb00000,0x000000076eb00000,0x000000076f180000)
 ParOldGen       total 173568K, used 9196K [0x00000006c3800000, 0x00000006ce180000, 0x000000076bd80000)
  object space 173568K, 5% used [0x00000006c3800000,0x00000006c40fb2b8,0x00000006ce180000)
 Metaspace       used 10788K, capacity 11012K, committed 11264K, reserved 1058816K
  class space    used 1171K, capacity 1259K, committed 1280K, reserved 1048576K
}
Event: 37.659 GC heap before
{Heap before GC invocations=36 (full 0):
 PSYoungGen      total 43008K, used 42312K [0x000000076bd80000, 0x000000076f180000, 0x00000007c0000000)
  eden space 39936K, 98% used [0x000000076bd80000,0x000000076e40f1a0,0x000000076e480000)
  from space 3072K, 92% used [0x000000076e500000,0x000000076e7c3030,0x000000076e800000)
  to   space 6656K, 0% used [0x000000076eb00000,0x000000076eb00000,0x000000076f180000)
 ParOldGen       total 173568K, used 9196K [0x00000006c3800000, 0x00000006ce180000, 0x000000076bd80000)
  object space 173568K, 5% used [0x00000006c3800000,0x00000006c40fb2b8,0x00000006ce180000)
 Metaspace       used 10788K, capacity 11012K, committed 11264K, reserved 1058816K
  class space    used 1171K, capacity 1259K, committed 1280K, reserved 1048576K
Event: 37.660 GC heap after
Heap after GC invocations=36 (full 0):
 PSYoungGen      total 45568K, used 3792K [0x000000076bd80000, 0x000000076f100000, 0x00000007c0000000)
  eden space 39424K, 0% used [0x000000076bd80000,0x000000076bd80000,0x000000076e400000)
  from space 6144K, 61% used [0x000000076eb00000,0x000000076eeb4040,0x000000076f100000)
  to   space 6656K, 0% used [0x000000076e400000,0x000000076e400000,0x000000076ea80000)
 ParOldGen       total 173568K, used 9212K [0x00000006c3800000, 0x00000006ce180000, 0x000000076bd80000)
  object space 173568K, 5% used [0x00000006c3800000,0x00000006c40ff2b8,0x00000006ce180000)
 Metaspace       used 10788K, capacity 11012K, committed 11264K, reserved 1058816K
  class space    used 1171K, capacity 1259K, committed 1280K, reserved 1048576K
}
Event: 38.349 GC heap before
{Heap before GC invocations=37 (full 0):
 PSYoungGen      total 45568K, used 42931K [0x000000076bd80000, 0x000000076f100000, 0x00000007c0000000)
  eden space 39424K, 99% used [0x000000076bd80000,0x000000076e3b8ed8,0x000000076e400000)
  from space 6144K, 61% used [0x000000076eb00000,0x000000076eeb4040,0x000000076f100000)
  to   space 6656K, 0% used [0x000000076e400000,0x000000076e400000,0x000000076ea80000)
 ParOldGen       total 173568K, used 9212K [0x00000006c3800000, 0x00000006ce180000, 0x000000076bd80000)
  object space 173568K, 5% used [0x00000006c3800000,0x00000006c40ff2b8,0x00000006ce180000)
 Metaspace       used 10790K, capacity 11012K, committed 11264K, reserved 1058816K
  class space    used 1171K, capacity 1259K, committed 1280K, reserved 1048576K
Event: 38.352 GC heap after
Heap after GC invocations=37 (full 0):
 PSYoungGen      total 43008K, used 3792K [0x000000076bd80000, 0x000000076f080000, 0x00000007c0000000)
  eden space 38912K, 0% used [0x000000076bd80000,0x000000076bd80000,0x000000076e380000)
  from space 4096K, 92% used [0x000000076e400000,0x000000076e7b4040,0x000000076e800000)
  to   space 6656K, 0% used [0x000000076ea00000,0x000000076ea00000,0x000000076f080000)
 ParOldGen       total 173568K, used 9220K [0x00000006c3800000, 0x00000006ce180000, 0x000000076bd80000)
  object space 173568K, 5% used [0x00000006c3800000,0x00000006c41012b8,0x00000006ce180000)
 Metaspace       used 10790K, capacity 11012K, committed 11264K, reserved 1058816K
  class space    used 1171K, capacity 1259K, committed 1280K, reserved 1048576K
}

