# JRE version: Java(TM) SE Runtime Environment (8.0_361) (build 1.8.0_361-b09)
# Java VM: Java HotSpot(TM) 64-Bit Server VM (25.361-b09 mixed mode windows-amd64 compressed oops)
Heap:
 PSYoungGen      total 43008K, used 34840K [0x000000076bd80000, 0x000000076f080000, 0x00000007c0000000)
  eden space 39936K, 80% used [0x000000076bd80000,0x000000076dcbb240,0x000000076e480000)
  from space 3072K, 93% used [0x000000076e500000,0x000000076e7cb030,0x000000076e800000)
  to   space 6144K, 0% used [0x000000076ea80000,0x000000076ea80000,0x000000076f080000)
 ParOldGen       total 173568K, used 7115K [0x00000006c3800000, 0x00000006ce180000, 0x000000076bd80000)
  object space 173568K, 4% used [0x00000006c3800000,0x00000006c3ef2ca0,0x00000006ce180000)
 Metaspace       used 10483K, capacity 10684K, committed 10752K, reserved 1058816K
  class space    used 1171K, capacity 1259K, committed 1280K, reserved 1048576K
GC Heap History (10 events):
Event: 32.580 GC heap before
{Heap before GC invocations=31 (full 0):
 PSYoungGen      total 49152K, used 45128K [0x000000076bd80000, 0x000000076f500000, 0x00000007c0000000)
  eden space 42496K, 99% used [0x000000076bd80000,0x000000076e6bf048,0x000000076e700000)
  from space 6656K, 43% used [0x000000076ee80000,0x000000076f153030,0x000000076f500000)
  to   space 7168K, 0% used [0x000000076e700000,0x000000076e700000,0x000000076ee00000)
 ParOldGen       total 173568K, used 7043K [0x00000006c3800000, 0x00000006ce180000, 0x000000076bd80000)
  object space 173568K, 4% used [0x00000006c3800000,0x00000006c3ee0ca0,0x00000006ce180000)
 Metaspace       used 10481K, capacity 10684K, committed 10752K, reserved 1058816K
  class space    used 1171K, capacity 1259K, committed 1280K, reserved 1048576K
Event: 32.581 GC heap after
Heap after GC invocations=31 (full 0):
 PSYoungGen      total 45056K, used 2860K [0x000000076bd80000, 0x000000076f480000, 0x00000007c0000000)
  eden space 41984K, 0% used [0x000000076bd80000,0x000000076bd80000,0x000000076e680000)
  from space 3072K, 93% used [0x000000076e700000,0x000000076e9cb030,0x000000076ea00000)
  to   space 7168K, 0% used [0x000000076ed80000,0x000000076ed80000,0x000000076f480000)
 ParOldGen       total 173568K, used 7059K [0x00000006c3800000, 0x00000006ce180000, 0x000000076bd80000)
  object space 173568K, 4% used [0x00000006c3800000,0x00000006c3ee4ca0,0x00000006ce180000)
 Metaspace       used 10481K, capacity 10684K, committed 10752K, reserved 1058816K
  class space    used 1171K, capacity 1259K, committed 1280K, reserved 1048576K
}
Event: 33.306 GC heap before
{Heap before GC invocations=32 (full 0):
 PSYoungGen      total 45056K, used 44185K [0x000000076bd80000, 0x000000076f480000, 0x00000007c0000000)
  eden space 41984K, 98% used [0x000000076bd80000,0x000000076e5db5c8,0x000000076e680000)
  from space 3072K, 93% used [0x000000076e700000,0x000000076e9cb030,0x000000076ea00000)
  to   space 7168K, 0% used [0x000000076ed80000,0x000000076ed80000,0x000000076f480000)
 ParOldGen       total 173568K, used 7059K [0x00000006c3800000, 0x00000006ce180000, 0x000000076bd80000)
  object space 173568K, 4% used [0x00000006c3800000,0x00000006c3ee4ca0,0x00000006ce180000)
 Metaspace       used 10481K, capacity 10684K, committed 10752K, reserved 1058816K
  class space    used 1171K, capacity 1259K, committed 1280K, reserved 1048576K
Event: 33.310 GC heap after
Heap after GC invocations=32 (full 0):
 PSYoungGen      total 47104K, used 3760K [0x000000076bd80000, 0x000000076f300000, 0x00000007c0000000)
  eden space 41472K, 0% used [0x000000076bd80000,0x000000076bd80000,0x000000076e600000)
  from space 5632K, 66% used [0x000000076ed80000,0x000000076f12c040,0x000000076f300000)
  to   space 6656K, 0% used [0x000000076e600000,0x000000076e600000,0x000000076ec80000)
 ParOldGen       total 173568K, used 7067K [0x00000006c3800000, 0x00000006ce180000, 0x000000076bd80000)
  object space 173568K, 4% used [0x00000006c3800000,0x00000006c3ee6ca0,0x00000006ce180000)
 Metaspace       used 10481K, capacity 10684K, committed 10752K, reserved 1058816K
  class space    used 1171K, capacity 1259K, committed 1280K, reserved 1048576K
}
Event: 34.080 GC heap before
{Heap before GC invocations=33 (full 0):
 PSYoungGen      total 47104K, used 45075K [0x000000076bd80000, 0x000000076f300000, 0x00000007c0000000)
  eden space 41472K, 99% used [0x000000076bd80000,0x000000076e5d8bf8,0x000000076e600000)
  from space 5632K, 66% used [0x000000076ed80000,0x000000076f12c040,0x000000076f300000)
  to   space 6656K, 0% used [0x000000076e600000,0x000000076e600000,0x000000076ec80000)
 ParOldGen       total 173568K, used 7067K [0x00000006c3800000, 0x00000006ce180000, 0x000000076bd80000)
  object space 173568K, 4% used [0x00000006c3800000,0x00000006c3ee6ca0,0x00000006ce180000)
 Metaspace       used 10481K, capacity 10684K, committed 10752K, reserved 1058816K
  class space    used 1171K, capacity 1259K, committed 1280K, reserved 1048576K
Event: 34.081 GC heap after
Heap after GC invocations=33 (full 0):
 PSYoungGen      total 44032K, used 2892K [0x000000076bd80000, 0x000000076f280000, 0x00000007c0000000)
  eden space 40960K, 0% used [0x000000076bd80000,0x000000076bd80000,0x000000076e580000)
  from space 3072K, 94% used [0x000000076e600000,0x000000076e8d3030,0x000000076e900000)
  to   space 6656K, 0% used [0x000000076ec00000,0x000000076ec00000,0x000000076f280000)
 ParOldGen       total 173568K, used 7083K [0x00000006c3800000, 0x00000006ce180000, 0x000000076bd80000)
  object space 173568K, 4% used [0x00000006c3800000,0x00000006c3eeaca0,0x00000006ce180000)
 Metaspace       used 10481K, capacity 10684K, committed 10752K, reserved 1058816K
  class space    used 1171K, capacity 1259K, committed 1280K, reserved 1048576K
}
Event: 34.800 GC heap before
{Heap before GC invocations=34 (full 0):
 PSYoungGen      total 44032K, used 43296K [0x000000076bd80000, 0x000000076f280000, 0x00000007c0000000)
  eden space 40960K, 98% used [0x000000076bd80000,0x000000076e4f52f0,0x000000076e580000)
  from space 3072K, 94% used [0x000000076e600000,0x000000076e8d3030,0x000000076e900000)
  to   space 6656K, 0% used [0x000000076ec00000,0x000000076ec00000,0x000000076f280000)
 ParOldGen       total 173568K, used 7083K [0x00000006c3800000, 0x00000006ce180000, 0x000000076bd80000)
  object space 173568K, 4% used [0x00000006c3800000,0x00000006c3eeaca0,0x00000006ce180000)
 Metaspace       used 10481K, capacity 10684K, committed 10752K, reserved 1058816K
  class space    used 1171K, capacity 1259K, committed 1280K, reserved 1048576K
Event: 34.801 GC heap after
Heap after GC invocations=34 (full 0):
 PSYoungGen      total 46592K, used 2860K [0x000000076bd80000, 0x000000076f200000, 0x00000007c0000000)
  eden space 40448K, 0% used [0x000000076bd80000,0x000000076bd80000,0x000000076e500000)
  from space 6144K, 46% used [0x000000076ec00000,0x000000076eecb030,0x000000076f200000)
  to   space 6656K, 0% used [0x000000076e500000,0x000000076e500000,0x000000076eb80000)
 ParOldGen       total 173568K, used 7099K [0x00000006c3800000, 0x00000006ce180000, 0x000000076bd80000)
  object space 173568K, 4% used [0x00000006c3800000,0x00000006c3eeeca0,0x00000006ce180000)
 Metaspace       used 10481K, capacity 10684K, committed 10752K, reserved 1058816K
  class space    used 1171K, capacity 1259K, committed 1280K, reserved 1048576K
}
Event: 35.523 GC heap before
{Heap before GC invocations=35 (full 0):
 PSYoungGen      total 46592K, used 43254K [0x000000076bd80000, 0x000000076f200000, 0x00000007c0000000)
  eden space 40448K, 99% used [0x000000076bd80000,0x000000076e4f2a10,0x000000076e500000)
  from space 6144K, 46% used [0x000000076ec00000,0x000000076eecb030,0x000000076f200000)
  to   space 6656K, 0% used [0x000000076e500000,0x000000076e500000,0x000000076eb80000)
 ParOldGen       total 173568K, used 7099K [0x00000006c3800000, 0x00000006ce180000, 0x000000076bd80000)
  object space 173568K, 4% used [0x00000006c3800000,0x00000006c3eeeca0,0x00000006ce180000)
 Metaspace       used 10481K, capacity 10684K, committed 10752K, reserved 1058816K
  class space    used 1171K, capacity 1259K, committed 1280K, reserved 1048576K
Event: 35.524 GC heap after
Heap after GC invocations=35 (full 0):
 PSYoungGen      total 43008K, used 2860K [0x000000076bd80000, 0x000000076f080000, 0x00000007c0000000)
  eden space 39936K, 0% used [0x000000076bd80000,0x000000076bd80000,0x000000076e480000)
  from space 3072K, 93% used [0x000000076e500000,0x000000076e7cb030,0x000000076e800000)
  to   space 6144K, 0% used [0x000000076ea80000,0x000000076ea80000,0x000000076f080000)
 ParOldGen       total 173568K, used 7115K [0x00000006c3800000, 0x00000006ce180000, 0x000000076bd80000)
  object space 173568K, 4% used [0x00000006c3800000,0x00000006c3ef2ca0,0x00000006ce180000)
 Metaspace       used 10481K, capacity 10684K, committed 10752K, reserved 1058816K
  class space    used 1171K, capacity 1259K, committed 1280K, reserved 1048576K
}

