# JRE version: Java(TM) SE Runtime Environment (8.0_361) (build 1.8.0_361-b09)
# Java VM: Java HotSpot(TM) 64-Bit Server VM (25.361-b09 mixed mode windows-amd64 compressed oops)
Heap:
 PSYoungGen      total 44032K, used 29349K [0x000000076bd80000, 0x000000076ef00000, 0x00000007c0000000)
  eden space 38400K, 66% used [0x000000076bd80000,0x000000076d675750,0x000000076e300000)
  from space 5632K, 67% used [0x000000076e980000,0x000000076ed34040,0x000000076ef00000)
  to   space 6144K, 0% used [0x000000076e300000,0x000000076e300000,0x000000076e900000)
 ParOldGen       total 173568K, used 6776K [0x00000006c3800000, 0x00000006ce180000, 0x000000076bd80000)
  object space 173568K, 3% used [0x00000006c3800000,0x00000006c3e9e3a8,0x00000006ce180000)
 Metaspace       used 10673K, capacity 10876K, committed 11008K, reserved 1058816K
  class space    used 1171K, capacity 1259K, committed 1280K, reserved 1048576K
GC Heap History (10 events):
Event: 35.536 GC heap before
{Heap before GC invocations=34 (full 0):
 PSYoungGen      total 44032K, used 43264K [0x000000076bd80000, 0x000000076f380000, 0x00000007c0000000)
  eden space 40960K, 98% used [0x000000076bd80000,0x000000076e4f52b8,0x000000076e580000)
  from space 3072K, 93% used [0x000000076e600000,0x000000076e8cb030,0x000000076e900000)
  to   space 7168K, 0% used [0x000000076ec80000,0x000000076ec80000,0x000000076f380000)
 ParOldGen       total 173568K, used 6720K [0x00000006c3800000, 0x00000006ce180000, 0x000000076bd80000)
  object space 173568K, 3% used [0x00000006c3800000,0x00000006c3e903a8,0x00000006ce180000)
 Metaspace       used 10670K, capacity 10876K, committed 11008K, reserved 1058816K
  class space    used 1171K, capacity 1259K, committed 1280K, reserved 1048576K
Event: 35.538 GC heap after
Heap after GC invocations=34 (full 0):
 PSYoungGen      total 46080K, used 2828K [0x000000076bd80000, 0x000000076f200000, 0x00000007c0000000)
  eden space 40448K, 0% used [0x000000076bd80000,0x000000076bd80000,0x000000076e500000)
  from space 5632K, 50% used [0x000000076ec80000,0x000000076ef43030,0x000000076f200000)
  to   space 6656K, 0% used [0x000000076e500000,0x000000076e500000,0x000000076eb80000)
 ParOldGen       total 173568K, used 6728K [0x00000006c3800000, 0x00000006ce180000, 0x000000076bd80000)
  object space 173568K, 3% used [0x00000006c3800000,0x00000006c3e923a8,0x00000006ce180000)
 Metaspace       used 10670K, capacity 10876K, committed 11008K, reserved 1058816K
  class space    used 1171K, capacity 1259K, committed 1280K, reserved 1048576K
}
Event: 36.271 GC heap before
{Heap before GC invocations=35 (full 0):
 PSYoungGen      total 46080K, used 43222K [0x000000076bd80000, 0x000000076f200000, 0x00000007c0000000)
  eden space 40448K, 99% used [0x000000076bd80000,0x000000076e4f29f0,0x000000076e500000)
  from space 5632K, 50% used [0x000000076ec80000,0x000000076ef43030,0x000000076f200000)
  to   space 6656K, 0% used [0x000000076e500000,0x000000076e500000,0x000000076eb80000)
 ParOldGen       total 173568K, used 6728K [0x00000006c3800000, 0x00000006ce180000, 0x000000076bd80000)
  object space 173568K, 3% used [0x00000006c3800000,0x00000006c3e923a8,0x00000006ce180000)
 Metaspace       used 10670K, capacity 10876K, committed 11008K, reserved 1058816K
  class space    used 1171K, capacity 1259K, committed 1280K, reserved 1048576K
Event: 36.272 GC heap after
Heap after GC invocations=35 (full 0):
 PSYoungGen      total 43008K, used 2860K [0x000000076bd80000, 0x000000076f180000, 0x00000007c0000000)
  eden space 39936K, 0% used [0x000000076bd80000,0x000000076bd80000,0x000000076e480000)
  from space 3072K, 93% used [0x000000076e500000,0x000000076e7cb030,0x000000076e800000)
  to   space 6656K, 0% used [0x000000076eb00000,0x000000076eb00000,0x000000076f180000)
 ParOldGen       total 173568K, used 6744K [0x00000006c3800000, 0x00000006ce180000, 0x000000076bd80000)
  object space 173568K, 3% used [0x00000006c3800000,0x00000006c3e963a8,0x00000006ce180000)
 Metaspace       used 10670K, capacity 10876K, committed 11008K, reserved 1058816K
  class space    used 1171K, capacity 1259K, committed 1280K, reserved 1048576K
}
Event: 36.979 GC heap before
{Heap before GC invocations=36 (full 0):
 PSYoungGen      total 43008K, used 42344K [0x000000076bd80000, 0x000000076f180000, 0x00000007c0000000)
  eden space 39936K, 98% used [0x000000076bd80000,0x000000076e40f190,0x000000076e480000)
  from space 3072K, 93% used [0x000000076e500000,0x000000076e7cb030,0x000000076e800000)
  to   space 6656K, 0% used [0x000000076eb00000,0x000000076eb00000,0x000000076f180000)
 ParOldGen       total 173568K, used 6744K [0x00000006c3800000, 0x00000006ce180000, 0x000000076bd80000)
  object space 173568K, 3% used [0x00000006c3800000,0x00000006c3e963a8,0x00000006ce180000)
 Metaspace       used 10670K, capacity 10876K, committed 11008K, reserved 1058816K
  class space    used 1171K, capacity 1259K, committed 1280K, reserved 1048576K
Event: 36.980 GC heap after
Heap after GC invocations=36 (full 0):
 PSYoungGen      total 45568K, used 3792K [0x000000076bd80000, 0x000000076f100000, 0x00000007c0000000)
  eden space 39424K, 0% used [0x000000076bd80000,0x000000076bd80000,0x000000076e400000)
  from space 6144K, 61% used [0x000000076eb00000,0x000000076eeb4040,0x000000076f100000)
  to   space 6656K, 0% used [0x000000076e400000,0x000000076e400000,0x000000076ea80000)
 ParOldGen       total 173568K, used 6752K [0x00000006c3800000, 0x00000006ce180000, 0x000000076bd80000)
  object space 173568K, 3% used [0x00000006c3800000,0x00000006c3e983a8,0x00000006ce180000)
 Metaspace       used 10670K, capacity 10876K, committed 11008K, reserved 1058816K
  class space    used 1171K, capacity 1259K, committed 1280K, reserved 1048576K
}
Event: 37.664 GC heap before
{Heap before GC invocations=37 (full 0):
 PSYoungGen      total 45568K, used 42366K [0x000000076bd80000, 0x000000076f100000, 0x00000007c0000000)
  eden space 39424K, 97% used [0x000000076bd80000,0x000000076e32b908,0x000000076e400000)
  from space 6144K, 61% used [0x000000076eb00000,0x000000076eeb4040,0x000000076f100000)
  to   space 6656K, 0% used [0x000000076e400000,0x000000076e400000,0x000000076ea80000)
 ParOldGen       total 173568K, used 6752K [0x00000006c3800000, 0x00000006ce180000, 0x000000076bd80000)
  object space 173568K, 3% used [0x00000006c3800000,0x00000006c3e983a8,0x00000006ce180000)
 Metaspace       used 10670K, capacity 10876K, committed 11008K, reserved 1058816K
  class space    used 1171K, capacity 1259K, committed 1280K, reserved 1048576K
Event: 37.666 GC heap after
Heap after GC invocations=37 (full 0):
 PSYoungGen      total 43008K, used 3792K [0x000000076bd80000, 0x000000076ef80000, 0x00000007c0000000)
  eden space 38912K, 0% used [0x000000076bd80000,0x000000076bd80000,0x000000076e380000)
  from space 4096K, 92% used [0x000000076e400000,0x000000076e7b4040,0x000000076e800000)
  to   space 6144K, 0% used [0x000000076e980000,0x000000076e980000,0x000000076ef80000)
 ParOldGen       total 173568K, used 6768K [0x00000006c3800000, 0x00000006ce180000, 0x000000076bd80000)
  object space 173568K, 3% used [0x00000006c3800000,0x00000006c3e9c3a8,0x00000006ce180000)
 Metaspace       used 10670K, capacity 10876K, committed 11008K, reserved 1058816K
  class space    used 1171K, capacity 1259K, committed 1280K, reserved 1048576K
}
Event: 38.368 GC heap before
{Heap before GC invocations=38 (full 0):
 PSYoungGen      total 43008K, used 42356K [0x000000076bd80000, 0x000000076ef80000, 0x00000007c0000000)
  eden space 38912K, 99% used [0x000000076bd80000,0x000000076e329068,0x000000076e380000)
  from space 4096K, 92% used [0x000000076e400000,0x000000076e7b4040,0x000000076e800000)
  to   space 6144K, 0% used [0x000000076e980000,0x000000076e980000,0x000000076ef80000)
 ParOldGen       total 173568K, used 6768K [0x00000006c3800000, 0x00000006ce180000, 0x000000076bd80000)
  object space 173568K, 3% used [0x00000006c3800000,0x00000006c3e9c3a8,0x00000006ce180000)
 Metaspace       used 10670K, capacity 10876K, committed 11008K, reserved 1058816K
  class space    used 1171K, capacity 1259K, committed 1280K, reserved 1048576K
Event: 38.369 GC heap after
Heap after GC invocations=38 (full 0):
 PSYoungGen      total 44032K, used 3792K [0x000000076bd80000, 0x000000076ef00000, 0x00000007c0000000)
  eden space 38400K, 0% used [0x000000076bd80000,0x000000076bd80000,0x000000076e300000)
  from space 5632K, 67% used [0x000000076e980000,0x000000076ed34040,0x000000076ef00000)
  to   space 6144K, 0% used [0x000000076e300000,0x000000076e300000,0x000000076e900000)
 ParOldGen       total 173568K, used 6776K [0x00000006c3800000, 0x00000006ce180000, 0x000000076bd80000)
  object space 173568K, 3% used [0x00000006c3800000,0x00000006c3e9e3a8,0x00000006ce180000)
 Metaspace       used 10670K, capacity 10876K, committed 11008K, reserved 1058816K
  class space    used 1171K, capacity 1259K, committed 1280K, reserved 1048576K
}

