# JRE version: Java(TM) SE Runtime Environment (8.0_361) (build 1.8.0_361-b09)
# Java VM: Java HotSpot(TM) 64-Bit Server VM (25.361-b09 mixed mode windows-amd64 compressed oops)
Heap:
 PSYoungGen      total 35840K, used 7121K [0x000000076bd80000, 0x000000076e500000, 0x00000007c0000000)
  eden space 31232K, 13% used [0x000000076bd80000,0x000000076c199778,0x000000076dc00000)
  from space 4608K, 63% used [0x000000076dc00000,0x000000076dedb030,0x000000076e080000)
  to   space 4608K, 0% used [0x000000076e080000,0x000000076e080000,0x000000076e500000)
 ParOldGen       total 173568K, used 10949K [0x00000006c3800000, 0x00000006ce180000, 0x000000076bd80000)
  object space 173568K, 6% used [0x00000006c3800000,0x00000006c42b1590,0x00000006ce180000)
 Metaspace       used 11777K, capacity 11952K, committed 12160K, reserved 1060864K
  class space    used 1307K, capacity 1359K, committed 1408K, reserved 1048576K
GC Heap History (10 events):
Event: 118.032 GC heap before
{Heap before GC invocations=65 (full 0):
 PSYoungGen      total 35840K, used 34941K [0x000000076bd80000, 0x000000076e500000, 0x00000007c0000000)
  eden space 31232K, 99% used [0x000000076bd80000,0x000000076dbfb510,0x000000076dc00000)
  from space 4608K, 80% used [0x000000076e080000,0x000000076e424040,0x000000076e500000)
  to   space 4608K, 0% used [0x000000076dc00000,0x000000076dc00000,0x000000076e080000)
 ParOldGen       total 173568K, used 10941K [0x00000006c3800000, 0x00000006ce180000, 0x000000076bd80000)
  object space 173568K, 6% used [0x00000006c3800000,0x00000006c42af590,0x00000006ce180000)
 Metaspace       used 11775K, capacity 11952K, committed 12160K, reserved 1060864K
  class space    used 1307K, capacity 1359K, committed 1408K, reserved 1048576K
Event: 118.033 GC heap after
Heap after GC invocations=65 (full 0):
 PSYoungGen      total 35840K, used 3728K [0x000000076bd80000, 0x000000076e500000, 0x00000007c0000000)
  eden space 31232K, 0% used [0x000000076bd80000,0x000000076bd80000,0x000000076dc00000)
  from space 4608K, 80% used [0x000000076dc00000,0x000000076dfa4040,0x000000076e080000)
  to   space 4608K, 0% used [0x000000076e080000,0x000000076e080000,0x000000076e500000)
 ParOldGen       total 173568K, used 10941K [0x00000006c3800000, 0x00000006ce180000, 0x000000076bd80000)
  object space 173568K, 6% used [0x00000006c3800000,0x00000006c42af590,0x00000006ce180000)
 Metaspace       used 11775K, capacity 11952K, committed 12160K, reserved 1060864K
  class space    used 1307K, capacity 1359K, committed 1408K, reserved 1048576K
}
Event: 118.577 GC heap before
{Heap before GC invocations=66 (full 0):
 PSYoungGen      total 35840K, used 34941K [0x000000076bd80000, 0x000000076e500000, 0x00000007c0000000)
  eden space 31232K, 99% used [0x000000076bd80000,0x000000076dbfb510,0x000000076dc00000)
  from space 4608K, 80% used [0x000000076dc00000,0x000000076dfa4040,0x000000076e080000)
  to   space 4608K, 0% used [0x000000076e080000,0x000000076e080000,0x000000076e500000)
 ParOldGen       total 173568K, used 10941K [0x00000006c3800000, 0x00000006ce180000, 0x000000076bd80000)
  object space 173568K, 6% used [0x00000006c3800000,0x00000006c42af590,0x00000006ce180000)
 Metaspace       used 11775K, capacity 11952K, committed 12160K, reserved 1060864K
  class space    used 1307K, capacity 1359K, committed 1408K, reserved 1048576K
Event: 118.578 GC heap after
Heap after GC invocations=66 (full 0):
 PSYoungGen      total 35840K, used 3760K [0x000000076bd80000, 0x000000076e500000, 0x00000007c0000000)
  eden space 31232K, 0% used [0x000000076bd80000,0x000000076bd80000,0x000000076dc00000)
  from space 4608K, 81% used [0x000000076e080000,0x000000076e42c040,0x000000076e500000)
  to   space 4608K, 0% used [0x000000076dc00000,0x000000076dc00000,0x000000076e080000)
 ParOldGen       total 173568K, used 10941K [0x00000006c3800000, 0x00000006ce180000, 0x000000076bd80000)
  object space 173568K, 6% used [0x00000006c3800000,0x00000006c42af590,0x00000006ce180000)
 Metaspace       used 11775K, capacity 11952K, committed 12160K, reserved 1060864K
  class space    used 1307K, capacity 1359K, committed 1408K, reserved 1048576K
}
Event: 119.170 GC heap before
{Heap before GC invocations=67 (full 0):
 PSYoungGen      total 35840K, used 34973K [0x000000076bd80000, 0x000000076e500000, 0x00000007c0000000)
  eden space 31232K, 99% used [0x000000076bd80000,0x000000076dbfb510,0x000000076dc00000)
  from space 4608K, 81% used [0x000000076e080000,0x000000076e42c040,0x000000076e500000)
  to   space 4608K, 0% used [0x000000076dc00000,0x000000076dc00000,0x000000076e080000)
 ParOldGen       total 173568K, used 10941K [0x00000006c3800000, 0x00000006ce180000, 0x000000076bd80000)
  object space 173568K, 6% used [0x00000006c3800000,0x00000006c42af590,0x00000006ce180000)
 Metaspace       used 11775K, capacity 11952K, committed 12160K, reserved 1060864K
  class space    used 1307K, capacity 1359K, committed 1408K, reserved 1048576K
Event: 119.172 GC heap after
Heap after GC invocations=67 (full 0):
 PSYoungGen      total 35840K, used 3696K [0x000000076bd80000, 0x000000076e500000, 0x00000007c0000000)
  eden space 31232K, 0% used [0x000000076bd80000,0x000000076bd80000,0x000000076dc00000)
  from space 4608K, 80% used [0x000000076dc00000,0x000000076df9c040,0x000000076e080000)
  to   space 4608K, 0% used [0x000000076e080000,0x000000076e080000,0x000000076e500000)
 ParOldGen       total 173568K, used 10949K [0x00000006c3800000, 0x00000006ce180000, 0x000000076bd80000)
  object space 173568K, 6% used [0x00000006c3800000,0x00000006c42b1590,0x00000006ce180000)
 Metaspace       used 11775K, capacity 11952K, committed 12160K, reserved 1060864K
  class space    used 1307K, capacity 1359K, committed 1408K, reserved 1048576K
}
Event: 119.728 GC heap before
{Heap before GC invocations=68 (full 0):
 PSYoungGen      total 35840K, used 34909K [0x000000076bd80000, 0x000000076e500000, 0x00000007c0000000)
  eden space 31232K, 99% used [0x000000076bd80000,0x000000076dbfb510,0x000000076dc00000)
  from space 4608K, 80% used [0x000000076dc00000,0x000000076df9c040,0x000000076e080000)
  to   space 4608K, 0% used [0x000000076e080000,0x000000076e080000,0x000000076e500000)
 ParOldGen       total 173568K, used 10949K [0x00000006c3800000, 0x00000006ce180000, 0x000000076bd80000)
  object space 173568K, 6% used [0x00000006c3800000,0x00000006c42b1590,0x00000006ce180000)
 Metaspace       used 11775K, capacity 11952K, committed 12160K, reserved 1060864K
  class space    used 1307K, capacity 1359K, committed 1408K, reserved 1048576K
Event: 119.728 GC heap after
Heap after GC invocations=68 (full 0):
 PSYoungGen      total 35840K, used 3760K [0x000000076bd80000, 0x000000076e500000, 0x00000007c0000000)
  eden space 31232K, 0% used [0x000000076bd80000,0x000000076bd80000,0x000000076dc00000)
  from space 4608K, 81% used [0x000000076e080000,0x000000076e42c040,0x000000076e500000)
  to   space 4608K, 0% used [0x000000076dc00000,0x000000076dc00000,0x000000076e080000)
 ParOldGen       total 173568K, used 10949K [0x00000006c3800000, 0x00000006ce180000, 0x000000076bd80000)
  object space 173568K, 6% used [0x00000006c3800000,0x00000006c42b1590,0x00000006ce180000)
 Metaspace       used 11775K, capacity 11952K, committed 12160K, reserved 1060864K
  class space    used 1307K, capacity 1359K, committed 1408K, reserved 1048576K
}
Event: 120.272 GC heap before
{Heap before GC invocations=69 (full 0):
 PSYoungGen      total 35840K, used 34350K [0x000000076bd80000, 0x000000076e500000, 0x00000007c0000000)
  eden space 31232K, 97% used [0x000000076bd80000,0x000000076db5f8c0,0x000000076dc00000)
  from space 4608K, 81% used [0x000000076e080000,0x000000076e42c040,0x000000076e500000)
  to   space 4608K, 0% used [0x000000076dc00000,0x000000076dc00000,0x000000076e080000)
 ParOldGen       total 173568K, used 10949K [0x00000006c3800000, 0x00000006ce180000, 0x000000076bd80000)
  object space 173568K, 6% used [0x00000006c3800000,0x00000006c42b1590,0x00000006ce180000)
 Metaspace       used 11777K, capacity 11952K, committed 12160K, reserved 1060864K
  class space    used 1307K, capacity 1359K, committed 1408K, reserved 1048576K
Event: 120.274 GC heap after
Heap after GC invocations=69 (full 0):
 PSYoungGen      total 35840K, used 2924K [0x000000076bd80000, 0x000000076e500000, 0x00000007c0000000)
  eden space 31232K, 0% used [0x000000076bd80000,0x000000076bd80000,0x000000076dc00000)
  from space 4608K, 63% used [0x000000076dc00000,0x000000076dedb030,0x000000076e080000)
  to   space 4608K, 0% used [0x000000076e080000,0x000000076e080000,0x000000076e500000)
 ParOldGen       total 173568K, used 10949K [0x00000006c3800000, 0x00000006ce180000, 0x000000076bd80000)
  object space 173568K, 6% used [0x00000006c3800000,0x00000006c42b1590,0x00000006ce180000)
 Metaspace       used 11777K, capacity 11952K, committed 12160K, reserved 1060864K
  class space    used 1307K, capacity 1359K, committed 1408K, reserved 1048576K
}

